
> mi-monitor-voltaje@0.0.0 dev
> vite

Port 3000 is in use, trying another one...

  VITE v7.1.3  ready in 635 ms

  ➜  Local:   http://localhost:3001/
  ➜  Network: http://192.168.165.96:3001/
  ➜  Network: http://172.17.0.1:3001/

> mi-monitor-voltaje@0.0.0 dev
> vite

Port 3000 is in use, trying another one...

  VITE v7.1.3  ready in 1129 ms

  ➜  Local:   http://localhost:3001/
  ➜  Network: http://192.168.165.96:3001/
  ➜  Network: http://172.17.0.1:3001/

> mi-monitor-voltaje@0.0.0 dev
> vite /


  VITE v7.1.3  ready in 486 ms

  ➜  Local:   http://localhost:5173/
  ➜  Network: use --host to expose

> mi-monitor-voltaje@0.0.0 dev
> vite


  VITE v7.1.3  ready in 1429 ms

  ➜  Local:   http://localhost:3000/
  ➜  Network: http://192.166.0.254:3000/
  ➜  Network: http://172.17.0.1:3000/

> mi-monitor-voltaje@0.0.0 dev
> vite


  VITE v7.1.3  ready in 1248 ms

  ➜  Local:   http://localhost:3000/
  ➜  Network: http://192.166.0.254:3000/
  ➜  Network: http://172.17.0.1:3000/

> mi-monitor-voltaje@0.0.0 dev
> vite


  VITE v7.1.3  ready in 1575 ms

  ➜  Local:   http://localhost:3000/
  ➜  Network: http://192.166.0.254:3000/
  ➜  Network: http://172.17.0.1:3000/

> mi-monitor-voltaje@0.0.0 dev
> vite


  VITE v7.1.3  ready in 4191 ms

  ➜  Local:   http://localhost:3000/
  ➜  Network: http://192.166.0.254:3000/
  ➜  Network: http://172.17.0.1:3000/
1:04:14 PM [vite] (client) hmr update /src/components/VoltageChart.vue
1:07:08 PM [vite] (client) hmr update /src/components/VoltageChart.vue
1:07:12 PM [vite] (client) hmr update /src/components/VoltageChart.vue
1:07:52 PM [vite] (client) hmr update /src/components/VoltageChart.vue
1:08:13 PM [vite] (client) hmr update /src/components/VoltageChart.vue
1:09:57 PM [vite] (client) hmr update /src/components/VoltageChart.vue
1:09:58 PM [vite] (client) hmr update /src/components/VoltageChart.vue
1:12:01 PM [vite] (client) hmr update /src/components/VoltageChart.vue
1:15:20 PM [vite] (client) hmr update /src/components/VoltageChart.vue
1:16:10 PM [vite] (client) hmr update /src/components/VoltageChart.vue
1:16:40 PM [vite] (client) hmr update /src/components/VoltageChart.vue
1:17:13 PM [vite] (client) hmr update /src/components/VoltageChart.vue
1:17:18 PM [vite] (client) hmr update /src/components/VoltageChart.vue
1:18:03 PM [vite] (client) hmr update /src/components/VoltageChart.vue
1:19:26 PM [vite] (client) hmr update /src/components/VoltageChart.vue
1:19:41 PM [vite] (client) hmr update /src/components/VoltageChart.vue
1:20:07 PM [vite] (client) hmr update /src/components/VoltageChart.vue
1:20:16 PM [vite] (client) hmr update /src/components/VoltageChart.vue
1:20:35 PM [vite] (client) hmr update /src/components/VoltageChart.vue
1:20:39 PM [vite] (client) hmr update /src/components/VoltageChart.vue
1:20:55 PM [vite] (client) hmr update /src/components/VoltageChart.vue
1:21:32 PM [vite] (client) hmr update /src/components/VoltageChart.vue
1:21:57 PM [vite] (client) hmr update /src/components/VoltageChart.vue
12:15:51 PM [vite] (client) hmr update /src/components/ControlPanel.vue
12:18:45 PM [vite] (client) hmr update /src/components/ControlPanel.vue
12:21:19 PM [vite] (client) hmr update /src/components/ControlPanel.vue
12:23:45 PM [vite] (client) hmr update /src/components/ControlPanel.vue
12:23:52 PM [vite] (client) hmr update /src/components/ControlPanel.vue
12:25:29 PM [vite] (client) hmr update /src/components/ControlPanel.vue
12:26:29 PM [vite] (client) hmr update /src/components/ControlPanel.vue
12:26:36 PM [vite] (client) hmr update /src/components/ControlPanel.vue
